Aug-16 08:43:18.983 [main] DEBUG nextflow.cli.Launcher - $> nextflow run nf-core/differentialabundance -r 1.4.0 -profile rnaseq,singularity --input nfSampleSheet.csv --contrasts contrasts.csv --matrix /homes/daniel.thomson/projects/MGIvsIllumina/nfRNAseq_GRCh38_ensembl_trimmed/nfcoreRNAseq-outs/star_salmon/salmon.merged.gene_counts.tsv --transcript_length_matrix /homes/daniel.thomson/projects/MGIvsIllumina/nfRNAseq_GRCh38_ensembl_trimmed/nfcoreRNAseq-outs/star_salmon/salmon.merged.gene_lengths.tsv --gtf /homes/daniel.thomson/References/GRCh38/Ensembl_download/Homo_sapiens.GRCh38.111.gtf --outdir /homes/daniel.thomson/projects/MGIvsIllumina//outs_nfDifferentialAbundance_GRCh38_ensembl_trimmed --features_id_col gene_id --features_name_col gene_name --features_type gene --study_name MGIvsIllumina-trimmed --study_type rnaseq --shinyngs_build_app true --email daniel.thomson@sahmri.com --logo_file /cancer/storage/SAGC/workflows/nf-qc-sagc/prod/docs/figures/sagc-logo.png --report_title MGIvsIllumina-trimmed --report_author 'Daniel Thomson (daniel.thomson@sahmri.com.au)' --report_scree FALSE --gsea_run --gsea_gene_sets /homes/daniel.thomson/References/GSEA/c5.all.v2023.2.Hs.symbols.gmt --gsea_make_sets --gsea_zip_report -resume
Aug-16 08:43:19.174 [main] INFO  nextflow.cli.CmdRun - N E X T F L O W  ~  version 23.10.0
Aug-16 08:43:19.210 [main] DEBUG nextflow.plugin.PluginsFacade - Setting up plugin manager > mode=prod; embedded=false; plugins-dir=/homes/daniel.thomson/.nextflow/plugins; core-plugins: nf-amazon@2.1.4,nf-azure@1.3.2,nf-cloudcache@0.3.0,nf-codecommit@0.1.5,nf-console@1.0.6,nf-ga4gh@1.1.0,nf-google@1.8.3,nf-tower@1.6.3,nf-wave@1.0.0
Aug-16 08:43:19.225 [main] INFO  o.pf4j.DefaultPluginStatusProvider - Enabled plugins: []
Aug-16 08:43:19.232 [main] INFO  o.pf4j.DefaultPluginStatusProvider - Disabled plugins: []
Aug-16 08:43:19.237 [main] INFO  org.pf4j.DefaultPluginManager - PF4J version 3.4.1 in 'deployment' mode
Aug-16 08:43:19.250 [main] INFO  org.pf4j.AbstractPluginManager - No plugins
Aug-16 08:43:19.266 [main] DEBUG nextflow.scm.ProviderConfig - Using SCM config path: /homes/daniel.thomson/.nextflow/scm
Aug-16 08:43:20.282 [main] DEBUG nextflow.scm.AssetManager - Git config: /homes/daniel.thomson/.nextflow/assets/nf-core/differentialabundance/.git/config; branch: master; remote: origin; url: https://github.com/nf-core/differentialabundance.git
Aug-16 08:43:20.306 [main] DEBUG nextflow.scm.RepositoryFactory - Found Git repository result: [RepositoryFactory]
Aug-16 08:43:20.317 [main] DEBUG nextflow.scm.AssetManager - Git config: /homes/daniel.thomson/.nextflow/assets/nf-core/differentialabundance/.git/config; branch: master; remote: origin; url: https://github.com/nf-core/differentialabundance.git
Aug-16 08:43:21.613 [main] DEBUG nextflow.config.ConfigBuilder - Found config base: /homes/daniel.thomson/.nextflow/assets/nf-core/differentialabundance/nextflow.config
Aug-16 08:43:21.616 [main] DEBUG nextflow.config.ConfigBuilder - Parsing config file: /homes/daniel.thomson/.nextflow/assets/nf-core/differentialabundance/nextflow.config
Aug-16 08:43:21.628 [main] DEBUG nextflow.config.ConfigBuilder - Applying config profile: `rnaseq,singularity`
Aug-16 08:43:23.453 [main] DEBUG nextflow.config.ConfigBuilder - Available config profiles: [bih, cfc_dev, uzl_omics, ifb_core, embl_hd, denbi_qbic, alice, mjolnir_globe, uppmax, incliva, ilifu, uge, rosalind_uge, lugh, mccleary, unibe_ibu, vai, soft, test_soft, czbiohub_aws, jax, ccga_med, scw, unc_longleaf, tigem, tubingen_apg, google, apollo, ipop_up, vsc_calcua, pdc_kth, googlels, daisybio, eddie, medair, biowulf, test_maxquant, apptainer, bi, bigpurple, adcra, cedars, pawsey_setonix, vsc_kul_uhasselt, pawsey_nimbus, ucl_myriad, utd_ganymede, charliecloud, icr_davros, ceres, munin, arm, rosalind, rnaseq, hasta, cfc, uzh, ebi_codon_slurm, ebc, ccga_dx, crick, ku_sund_danhead, marvin, biohpc_gen, shifter, mana, mamba, york_viking, unc_lccc, wehi, awsbatch, wustl_htcf, arcc, imperial, maestro, software_license, genotoul, nci_gadi, abims, janelia, nu_genomics, googlebatch, oist, sahmri, affy, mpcdf, leicester, vsc_ugent, create, sage, cambridge, jex, podman, ebi_codon, cheaha, xanadu, nyu_hpc, test, marjorie, computerome, ucd_sonic, seg_globe, sanger, dkfz, pasteur, einstein, ethz_euler, m3c, test_full, imb, ucl_cscluster, tuos_stanage, azurebatch, hki, crukmi, csiro_petrichor, qmul_apocrita, docker, engaging, gis, hypatia, psmn, eva, nygc, test_nogtf, fgcz, conda, crg, singularity, mpcdf_viper, self_hosted_runner, tufts, uw_hyak_pedslabs, debug, test_affy, genouest, cbe, phoenix, gitpod, seawulf, uod_hpc, fub_curta, uct_hpc, aws_tower, binac]
Aug-16 08:43:23.513 [main] DEBUG nextflow.cli.CmdRun - Applied DSL=2 from script declararion
Aug-16 08:43:23.514 [main] INFO  nextflow.cli.CmdRun - Launching `https://github.com/nf-core/differentialabundance` [high_majorana] DSL2 - revision: a3d664c12c [1.4.0]
Aug-16 08:43:23.519 [main] DEBUG nextflow.plugin.PluginsFacade - Plugins declared=[nf-validation]
Aug-16 08:43:23.520 [main] DEBUG nextflow.plugin.PluginsFacade - Plugins default=[]
Aug-16 08:43:23.521 [main] DEBUG nextflow.plugin.PluginsFacade - Plugins resolved requirement=[nf-validation]
Aug-16 08:43:23.522 [main] DEBUG nextflow.plugin.PluginUpdater - Installing plugin nf-validation version: latest
Aug-16 08:43:23.997 [main] INFO  org.pf4j.AbstractPluginManager - Plugin 'nf-validation@1.1.4' resolved
Aug-16 08:43:23.999 [main] INFO  org.pf4j.AbstractPluginManager - Start plugin 'nf-validation@1.1.4'
Aug-16 08:43:24.032 [main] DEBUG nextflow.plugin.BasePlugin - Plugin started nf-validation@1.1.4
Aug-16 08:43:24.058 [main] DEBUG n.secret.LocalSecretsProvider - Secrets store: /homes/daniel.thomson/.nextflow/secrets/store.json
Aug-16 08:43:24.062 [main] DEBUG nextflow.secret.SecretsLoader - Discovered secrets providers: [nextflow.secret.LocalSecretsProvider@4449b273] - activable => nextflow.secret.LocalSecretsProvider@4449b273
Aug-16 08:43:24.140 [main] DEBUG nextflow.Session - Session UUID: 97f9a7a0-8ae4-46e4-9df9-3ea27c42b5bb
Aug-16 08:43:24.141 [main] DEBUG nextflow.Session - Run name: high_majorana
Aug-16 08:43:24.145 [main] DEBUG nextflow.Session - Executor pool size: 6
Aug-16 08:43:24.155 [main] DEBUG nextflow.file.FilePorter - File porter settings maxRetries=3; maxTransfers=50; pollTimeout=null
Aug-16 08:43:24.160 [main] DEBUG nextflow.util.ThreadPoolBuilder - Creating thread pool 'FileTransfer' minSize=10; maxSize=18; workQueue=LinkedBlockingQueue[10000]; allowCoreThreadTimeout=false
Aug-16 08:43:24.185 [main] DEBUG nextflow.cli.CmdRun - 
  Version: 23.10.0 build 5889
  Created: 15-10-2023 15:07 UTC (16-10-2023 01:37 ACDT)
  System: Linux 5.15.0-113-generic
  Runtime: Groovy 3.0.19 on OpenJDK 64-Bit Server VM 17.0.9-internal+0-adhoc..src
  Encoding: UTF-8 (UTF-8)
  Process: 1362904@hpc-lin-cmp07 [172.25.104.187]
  CPUs: 6 - Mem: 125.6 GB (125.1 GB) - Swap: 4 GB (3.8 GB)
Aug-16 08:43:24.244 [main] DEBUG nextflow.Session - Work-dir: /hpc/vnx_homes/daniel.thomson/projects/MGIvsIllumina/nfDifferentialAbundance_GRCh38_ensembl_trimmed/work [gpfs]
Aug-16 08:43:24.261 [main] DEBUG nextflow.executor.ExecutorFactory - Extension executors providers=[]
Aug-16 08:43:24.273 [main] DEBUG nextflow.Session - Observer factory: DefaultObserverFactory
Aug-16 08:43:24.378 [main] DEBUG nextflow.cache.CacheFactory - Using Nextflow cache factory: nextflow.cache.DefaultCacheFactory
Aug-16 08:43:24.388 [main] DEBUG nextflow.util.CustomThreadPool - Creating default thread pool > poolSize: 7; maxThreads: 1000
Aug-16 08:43:24.596 [main] DEBUG nextflow.Session - Session start
Aug-16 08:43:24.605 [main] DEBUG nextflow.trace.TraceFileObserver - Workflow started -- trace file: /homes/daniel.thomson/projects/MGIvsIllumina/outs_nfDifferentialAbundance_GRCh38_ensembl_trimmed/pipeline_info/execution_trace_2024-08-16_08-43-22.txt
Aug-16 08:43:24.627 [main] DEBUG nextflow.Session - Using default localLib path: /homes/daniel.thomson/.nextflow/assets/nf-core/differentialabundance/lib
Aug-16 08:43:24.638 [main] DEBUG nextflow.Session - Adding to the classpath library: /homes/daniel.thomson/.nextflow/assets/nf-core/differentialabundance/lib
Aug-16 08:43:24.640 [main] DEBUG nextflow.Session - Adding to the classpath library: /homes/daniel.thomson/.nextflow/assets/nf-core/differentialabundance/lib/nfcore_external_java_deps.jar
Aug-16 08:43:25.097 [main] DEBUG nextflow.script.ScriptRunner - > Launching execution
Aug-16 08:43:25.109 [main] DEBUG nextflow.script.IncludeDef - Loading included plugin extensions with names: [validateParameters:validateParameters, paramsHelp:paramsHelp]; plugin Id: nf-validation
Aug-16 08:43:25.145 [main] DEBUG nextflow.validation.SchemaValidator - Starting parameters validation
Aug-16 08:43:25.388 [main] DEBUG nextflow.validation.SchemaValidator - Starting validation: 'input': '/hpc/vnx_homes/daniel.thomson/projects/MGIvsIllumina/nfDifferentialAbundance_GRCh38_ensembl_trimmed/nfSampleSheet.csv' with '/homes/daniel.thomson/.nextflow/assets/nf-core/differentialabundance/assets/schema_input.json'
Aug-16 08:43:25.455 [main] DEBUG nextflow.validation.SchemaValidator - Validation passed: 'input': '/hpc/vnx_homes/daniel.thomson/projects/MGIvsIllumina/nfDifferentialAbundance_GRCh38_ensembl_trimmed/nfSampleSheet.csv' with '/homes/daniel.thomson/.nextflow/assets/nf-core/differentialabundance/assets/schema_input.json'
Aug-16 08:43:25.457 [main] DEBUG nextflow.validation.SchemaValidator - Finishing parameters validation
Aug-16 08:43:26.237 [main] DEBUG nextflow.script.IncludeDef - Loading included plugin extensions with names: [paramsSummaryLog:paramsSummaryLog, paramsSummaryMap:paramsSummaryMap]; plugin Id: nf-validation
Aug-16 08:43:26.265 [main] INFO  nextflow.Nextflow - 

-[2m----------------------------------------------------[0m-
                                        [0;32m,--.[0;30m/[0;32m,-.[0m
[0;34m        ___     __   __   __   ___     [0;32m/,-._.--~'[0m
[0;34m  |\ | |__  __ /  ` /  \ |__) |__         [0;33m}  {[0m
[0;34m  | \| |       \__, \__/ |  \ |___     [0;32m\`-._,-`-,[0m
                                        [0;32m`._,._,'[0m
[0;35m  nf-core/differentialabundance v1.4.0-ga3d664c[0m
-[2m----------------------------------------------------[0m-
[1mCore Nextflow options[0m
  [0;34mrevision                    : [0;32m1.4.0[0m
  [0;34mrunName                     : [0;32mhigh_majorana[0m
  [0;34mcontainerEngine             : [0;32msingularity[0m
  [0;34mcontainer                   : [0;32m[RMARKDOWNNOTEBOOK:biocontainers/r-shinyngs:1.8.4--r43hdfd78af_0][0m
  [0;34mlaunchDir                   : [0;32m/hpc/vnx_homes/daniel.thomson/projects/MGIvsIllumina/nfDifferentialAbundance_GRCh38_ensembl_trimmed[0m
  [0;34mworkDir                     : [0;32m/hpc/vnx_homes/daniel.thomson/projects/MGIvsIllumina/nfDifferentialAbundance_GRCh38_ensembl_trimmed/work[0m
  [0;34mprojectDir                  : [0;32m/homes/daniel.thomson/.nextflow/assets/nf-core/differentialabundance[0m
  [0;34muserName                    : [0;32mdaniel.thomson[0m
  [0;34mprofile                     : [0;32mrnaseq,singularity[0m
  [0;34mconfigFiles                 : [0;32m[0m

[1mInput/output options[0m
  [0;34mstudy_name                  : [0;32mMGIvsIllumina-trimmed[0m
  [0;34minput                       : [0;32mnfSampleSheet.csv[0m
  [0;34mcontrasts                   : [0;32mcontrasts.csv[0m
  [0;34moutdir                      : [0;32m/homes/daniel.thomson/projects/MGIvsIllumina//outs_nfDifferentialAbundance_GRCh38_ensembl_trimmed[0m

[1mAbundance values[0m
  [0;34mmatrix                      : [0;32m/homes/daniel.thomson/projects/MGIvsIllumina/nfRNAseq_GRCh38_ensembl_trimmed/nfcoreRNAseq-outs/star_salmon/salmon.merged.gene_counts.tsv[0m
  [0;34mtranscript_length_matrix    : [0;32m/homes/daniel.thomson/projects/MGIvsIllumina/nfRNAseq_GRCh38_ensembl_trimmed/nfcoreRNAseq-outs/star_salmon/salmon.merged.gene_lengths.tsv[0m
  [0;34maffy_cel_files_archive      : [0;32mnull[0m
  [0;34mquerygse                    : [0;32mnull[0m

[1mAffy input options[0m
  [0;34maffy_cdfname                : [0;32mnull[0m

[1mProteus input options[0m
  [0;34mproteus_round_digits        : [0;32m-1[0m

[1mFiltering[0m
  [0;34mfiltering_min_abundance     : [0;32m1[0m
  [0;34mfiltering_min_samples       : [0;32m1[0m

[1mDifferential analysis[0m
  [0;34mdifferential_min_fold_change: [0;32m2[0m
  [0;34mdifferential_max_pval       : [0;32m1[0m

[1mLimma specific options (microarray only)[0m
  [0;34mlimma_spacing               : [0;32mnull[0m
  [0;34mlimma_block                 : [0;32mnull[0m
  [0;34mlimma_correlation           : [0;32mnull[0m
  [0;34mlimma_p_value               : [0;32m1[0m

[1mGSEA[0m
  [0;34mgsea_run                    : [0;32mtrue[0m
  [0;34mgsea_zip_report             : [0;32mtrue[0m
  [0;34mgsea_gene_sets              : [0;32m/homes/daniel.thomson/References/GSEA/c5.all.v2023.2.Hs.symbols.gmt[0m

[1mShiny app settings[0m
  [0;34mshinyngs_shinyapps_account  : [0;32mnull[0m
  [0;34mshinyngs_shinyapps_app_name : [0;32mnull[0m

[1mReporting options[0m
  [0;34mreport_file                 : [0;32m/homes/daniel.thomson/.nextflow/assets/nf-core/differentialabundance/assets/differentialabundance_report.Rmd[0m
  [0;34memail                       : [0;32mdaniel.thomson@sahmri.com[0m
  [0;34mlogo_file                   : [0;32m/cancer/storage/SAGC/workflows/nf-qc-sagc/prod/docs/figures/sagc-logo.png[0m
  [0;34mcss_file                    : [0;32m/homes/daniel.thomson/.nextflow/assets/nf-core/differentialabundance/assets/nf-core_style.css[0m
  [0;34mcitations_file              : [0;32m/homes/daniel.thomson/.nextflow/assets/nf-core/differentialabundance/CITATIONS.md[0m
  [0;34mreport_title                : [0;32mMGIvsIllumina-trimmed[0m
  [0;34mreport_author               : [0;32mDaniel Thomson (daniel.thomson@sahmri.com.au)[0m
  [0;34mreport_description          : [0;32mnull[0m
  [0;34mreport_scree                : [0;32mfalse[0m

[1mReference genome options[0m
  [0;34mgtf                         : [0;32m/homes/daniel.thomson/References/GRCh38/Ensembl_download/Homo_sapiens.GRCh38.111.gtf[0m

[1mInstitutional config options[0m
  [0;34mconfig_profile_name         : [0;32mRNA-seq profile[0m
  [0;34mconfig_profile_description  : [0;32mSettings for RNA-seq analysis[0m

!! Only displaying parameters that differ from the pipeline defaults !!
-[2m----------------------------------------------------[0m-
If you use nf-core/differentialabundance for your analysis please cite:

* The pipeline
  https://doi.org/10.5281/zenodo.7568000

* The nf-core framework
  https://doi.org/10.1038/s41587-020-0439-x

* Software dependencies
  https://github.com/nf-core/differentialabundance/blob/master/CITATIONS.md

Aug-16 08:43:28.213 [main] DEBUG nextflow.script.ProcessConfig - Config settings `withLabel:process_single` matches labels `process_single` for process with name NFCORE_DIFFERENTIALABUNDANCE:DIFFERENTIALABUNDANCE:GTF_TO_TABLE
Aug-16 08:43:28.217 [main] DEBUG nextflow.script.ProcessConfig - Config settings `withName:GTF_TO_TABLE` matches process NFCORE_DIFFERENTIALABUNDANCE:DIFFERENTIALABUNDANCE:GTF_TO_TABLE
Aug-16 08:43:28.225 [main] DEBUG nextflow.executor.ExecutorFactory - << taskConfig executor: null
Aug-16 08:43:28.226 [main] DEBUG nextflow.executor.ExecutorFactory - >> processorType: 'local'
Aug-16 08:43:28.233 [main] DEBUG nextflow.executor.Executor - [warm up] executor > local
Aug-16 08:43:28.238 [main] DEBUG n.processor.LocalPollingMonitor - Creating local task monitor for executor 'local' > cpus=6; memory=125.6 GB; capacity=6; pollInterval=100ms; dumpInterval=5m
Aug-16 08:43:28.242 [main] DEBUG n.processor.TaskPollingMonitor - >>> barrier register (monitor: local)
Aug-16 08:43:28.351 [main] DEBUG nextflow.script.ProcessConfig - Config settings `withLabel:process_single` matches labels `process_single` for process with name NFCORE_DIFFERENTIALABUNDANCE:DIFFERENTIALABUNDANCE:VALIDATOR
Aug-16 08:43:28.352 [main] DEBUG nextflow.script.ProcessConfig - Config settings `withName:VALIDATOR` matches process NFCORE_DIFFERENTIALABUNDANCE:DIFFERENTIALABUNDANCE:VALIDATOR
Aug-16 08:43:28.355 [main] DEBUG nextflow.executor.ExecutorFactory - << taskConfig executor: null
Aug-16 08:43:28.355 [main] DEBUG nextflow.executor.ExecutorFactory - >> processorType: 'local'
Aug-16 08:43:28.375 [main] DEBUG nextflow.script.ProcessConfig - Config settings `withLabel:process_single` matches labels `process_single` for process with name NFCORE_DIFFERENTIALABUNDANCE:DIFFERENTIALABUNDANCE:CUSTOM_MATRIXFILTER
Aug-16 08:43:28.376 [main] DEBUG nextflow.script.ProcessConfig - Config settings `withName:CUSTOM_MATRIXFILTER` matches process NFCORE_DIFFERENTIALABUNDANCE:DIFFERENTIALABUNDANCE:CUSTOM_MATRIXFILTER
Aug-16 08:43:28.378 [main] DEBUG nextflow.executor.ExecutorFactory - << taskConfig executor: null
Aug-16 08:43:28.379 [main] DEBUG nextflow.executor.ExecutorFactory - >> processorType: 'local'
Aug-16 08:43:28.389 [main] DEBUG nextflow.script.ProcessConfig - Config settings `withLabel:process_medium` matches labels `process_medium` for process with name NFCORE_DIFFERENTIALABUNDANCE:DIFFERENTIALABUNDANCE:DESEQ2_NORM
Aug-16 08:43:28.390 [main] DEBUG nextflow.script.ProcessConfig - Config settings `withName:DESEQ2_DIFFERENTIAL` matches process NFCORE_DIFFERENTIALABUNDANCE:DIFFERENTIALABUNDANCE:DESEQ2_NORM
Aug-16 08:43:28.391 [main] DEBUG nextflow.script.ProcessConfig - Config settings `withName:DESEQ2_NORM` matches process NFCORE_DIFFERENTIALABUNDANCE:DIFFERENTIALABUNDANCE:DESEQ2_NORM
Aug-16 08:43:28.393 [main] DEBUG nextflow.executor.ExecutorFactory - << taskConfig executor: null
Aug-16 08:43:28.394 [main] DEBUG nextflow.executor.ExecutorFactory - >> processorType: 'local'
Aug-16 08:43:28.400 [main] DEBUG nextflow.script.ProcessConfig - Config settings `withLabel:process_medium` matches labels `process_medium` for process with name NFCORE_DIFFERENTIALABUNDANCE:DIFFERENTIALABUNDANCE:DESEQ2_DIFFERENTIAL
Aug-16 08:43:28.401 [main] DEBUG nextflow.script.ProcessConfig - Config settings `withName:DESEQ2_DIFFERENTIAL` matches process NFCORE_DIFFERENTIALABUNDANCE:DIFFERENTIALABUNDANCE:DESEQ2_DIFFERENTIAL
Aug-16 08:43:28.404 [main] DEBUG nextflow.executor.ExecutorFactory - << taskConfig executor: null
Aug-16 08:43:28.405 [main] DEBUG nextflow.executor.ExecutorFactory - >> processorType: 'local'
Aug-16 08:43:28.413 [main] DEBUG nextflow.script.ProcessConfig - Config settings `withLabel:process_single` matches labels `process_single` for process with name NFCORE_DIFFERENTIALABUNDANCE:DIFFERENTIALABUNDANCE:CUSTOM_TABULARTOGSEAGCT
Aug-16 08:43:28.415 [main] DEBUG nextflow.script.ProcessConfig - Config settings `withName:CUSTOM_TABULARTOGSEAGCT` matches process NFCORE_DIFFERENTIALABUNDANCE:DIFFERENTIALABUNDANCE:CUSTOM_TABULARTOGSEAGCT
Aug-16 08:43:28.416 [main] DEBUG nextflow.executor.ExecutorFactory - << taskConfig executor: null
Aug-16 08:43:28.417 [main] DEBUG nextflow.executor.ExecutorFactory - >> processorType: 'local'
Aug-16 08:43:28.433 [main] DEBUG nextflow.script.ProcessConfig - Config settings `withLabel:process_single` matches labels `process_single` for process with name NFCORE_DIFFERENTIALABUNDANCE:DIFFERENTIALABUNDANCE:CUSTOM_TABULARTOGSEACLS
Aug-16 08:43:28.435 [main] DEBUG nextflow.script.ProcessConfig - Config settings `withName:CUSTOM_TABULARTOGSEACLS` matches process NFCORE_DIFFERENTIALABUNDANCE:DIFFERENTIALABUNDANCE:CUSTOM_TABULARTOGSEACLS
Aug-16 08:43:28.436 [main] DEBUG nextflow.executor.ExecutorFactory - << taskConfig executor: null
Aug-16 08:43:28.437 [main] DEBUG nextflow.executor.ExecutorFactory - >> processorType: 'local'
Aug-16 08:43:28.443 [main] DEBUG nextflow.script.ProcessConfig - Config settings `withLabel:process_single` matches labels `process_single` for process with name NFCORE_DIFFERENTIALABUNDANCE:DIFFERENTIALABUNDANCE:TABULAR_TO_GSEA_CHIP
Aug-16 08:43:28.444 [main] DEBUG nextflow.script.ProcessConfig - Config settings `withName:TABULAR_TO_GSEA_CHIP` matches process NFCORE_DIFFERENTIALABUNDANCE:DIFFERENTIALABUNDANCE:TABULAR_TO_GSEA_CHIP
Aug-16 08:43:28.446 [main] DEBUG nextflow.executor.ExecutorFactory - << taskConfig executor: null
Aug-16 08:43:28.447 [main] DEBUG nextflow.executor.ExecutorFactory - >> processorType: 'local'
Aug-16 08:43:28.461 [main] DEBUG nextflow.script.ProcessConfig - Config settings `withLabel:process_single` matches labels `process_single` for process with name NFCORE_DIFFERENTIALABUNDANCE:DIFFERENTIALABUNDANCE:GSEA_GSEA
Aug-16 08:43:28.463 [main] DEBUG nextflow.script.ProcessConfig - Config settings `withName:GSEA_GSEA` matches process NFCORE_DIFFERENTIALABUNDANCE:DIFFERENTIALABUNDANCE:GSEA_GSEA
Aug-16 08:43:28.465 [main] DEBUG nextflow.executor.ExecutorFactory - << taskConfig executor: null
Aug-16 08:43:28.466 [main] DEBUG nextflow.executor.ExecutorFactory - >> processorType: 'local'
Aug-16 08:43:28.501 [main] DEBUG nextflow.script.ProcessConfig - Config settings `withLabel:process_single` matches labels `process_single` for process with name NFCORE_DIFFERENTIALABUNDANCE:DIFFERENTIALABUNDANCE:PLOT_EXPLORATORY
Aug-16 08:43:28.502 [main] DEBUG nextflow.script.ProcessConfig - Config settings `withName:PLOT_EXPLORATORY` matches process NFCORE_DIFFERENTIALABUNDANCE:DIFFERENTIALABUNDANCE:PLOT_EXPLORATORY
Aug-16 08:43:28.504 [main] DEBUG nextflow.executor.ExecutorFactory - << taskConfig executor: null
Aug-16 08:43:28.504 [main] DEBUG nextflow.executor.ExecutorFactory - >> processorType: 'local'
Aug-16 08:43:28.510 [main] DEBUG nextflow.script.ProcessConfig - Config settings `withLabel:process_single` matches labels `process_single` for process with name NFCORE_DIFFERENTIALABUNDANCE:DIFFERENTIALABUNDANCE:PLOT_DIFFERENTIAL
Aug-16 08:43:28.511 [main] DEBUG nextflow.script.ProcessConfig - Config settings `withName:PLOT_DIFFERENTIAL` matches process NFCORE_DIFFERENTIALABUNDANCE:DIFFERENTIALABUNDANCE:PLOT_DIFFERENTIAL
Aug-16 08:43:28.513 [main] DEBUG nextflow.executor.ExecutorFactory - << taskConfig executor: null
Aug-16 08:43:28.514 [main] DEBUG nextflow.executor.ExecutorFactory - >> processorType: 'local'
Aug-16 08:43:28.551 [main] DEBUG nextflow.script.ProcessConfig - Config settings `withLabel:process_single` matches labels `process_single` for process with name NFCORE_DIFFERENTIALABUNDANCE:DIFFERENTIALABUNDANCE:CUSTOM_DUMPSOFTWAREVERSIONS
Aug-16 08:43:28.553 [main] DEBUG nextflow.script.ProcessConfig - Config settings `withName:CUSTOM_DUMPSOFTWAREVERSIONS` matches process NFCORE_DIFFERENTIALABUNDANCE:DIFFERENTIALABUNDANCE:CUSTOM_DUMPSOFTWAREVERSIONS
Aug-16 08:43:28.554 [main] DEBUG nextflow.executor.ExecutorFactory - << taskConfig executor: null
Aug-16 08:43:28.555 [main] DEBUG nextflow.executor.ExecutorFactory - >> processorType: 'local'
Aug-16 08:43:28.619 [main] DEBUG nextflow.script.ProcessConfig - Config settings `withLabel:process_single` matches labels `process_single` for process with name NFCORE_DIFFERENTIALABUNDANCE:DIFFERENTIALABUNDANCE:SHINYNGS_APP
Aug-16 08:43:28.621 [main] DEBUG nextflow.script.ProcessConfig - Config settings `withName:SHINYNGS_APP` matches process NFCORE_DIFFERENTIALABUNDANCE:DIFFERENTIALABUNDANCE:SHINYNGS_APP
Aug-16 08:43:28.628 [main] DEBUG nextflow.executor.ExecutorFactory - << taskConfig executor: null
Aug-16 08:43:28.629 [main] DEBUG nextflow.executor.ExecutorFactory - >> processorType: 'local'
Aug-16 08:43:28.643 [main] DEBUG nextflow.script.ProcessConfig - Config settings `withLabel:process_low` matches labels `process_low` for process with name NFCORE_DIFFERENTIALABUNDANCE:DIFFERENTIALABUNDANCE:RMARKDOWNNOTEBOOK
Aug-16 08:43:28.649 [main] DEBUG nextflow.script.ProcessConfig - Config settings `withName:RMARKDOWNNOTEBOOK` matches process NFCORE_DIFFERENTIALABUNDANCE:DIFFERENTIALABUNDANCE:RMARKDOWNNOTEBOOK
Aug-16 08:43:28.651 [main] DEBUG nextflow.executor.ExecutorFactory - << taskConfig executor: null
Aug-16 08:43:28.652 [main] DEBUG nextflow.executor.ExecutorFactory - >> processorType: 'local'
Aug-16 08:43:28.660 [main] DEBUG nextflow.script.ProcessConfig - Config settings `withLabel:process_single` matches labels `process_single` for process with name NFCORE_DIFFERENTIALABUNDANCE:DIFFERENTIALABUNDANCE:MAKE_REPORT_BUNDLE
Aug-16 08:43:28.661 [main] DEBUG nextflow.script.ProcessConfig - Config settings `withName:MAKE_REPORT_BUNDLE` matches process NFCORE_DIFFERENTIALABUNDANCE:DIFFERENTIALABUNDANCE:MAKE_REPORT_BUNDLE
Aug-16 08:43:28.663 [main] DEBUG nextflow.executor.ExecutorFactory - << taskConfig executor: null
Aug-16 08:43:28.664 [main] DEBUG nextflow.executor.ExecutorFactory - >> processorType: 'local'
Aug-16 08:43:28.668 [main] DEBUG nextflow.Session - Workflow process names [dsl2]: VALIDATOR, ZIP, NFCORE_DIFFERENTIALABUNDANCE:DIFFERENTIALABUNDANCE:CUSTOM_MATRIXFILTER, CUSTOM_TABULARTOGSEAGCT, MAKE_REPORT_BUNDLE, ATLASGENEANNOTATIONMANIPULATION_GTF2FEATUREANNOTATION, NFCORE_DIFFERENTIALABUNDANCE:DIFFERENTIALABUNDANCE:GSEA_GSEA, PLOT_DIFFERENTIAL, NFCORE_DIFFERENTIALABUNDANCE:DIFFERENTIALABUNDANCE:GTF_TO_TABLE, NFCORE_DIFFERENTIALABUNDANCE:DIFFERENTIALABUNDANCE:VALIDATOR, NFCORE_DIFFERENTIALABUNDANCE:DIFFERENTIALABUNDANCE:DESEQ2_NORM, GSEA_GSEA, SHINYNGS_VALIDATEFOMCOMPONENTS, NFCORE_DIFFERENTIALABUNDANCE:DIFFERENTIALABUNDANCE:SHINYNGS_APP, GUNZIP_GTF, AFFY_JUSTRMA, NFCORE_DIFFERENTIALABUNDANCE:DIFFERENTIALABUNDANCE:TABULAR_TO_GSEA_CHIP, NFCORE_DIFFERENTIALABUNDANCE:DIFFERENTIALABUNDANCE:CUSTOM_DUMPSOFTWAREVERSIONS, TABULAR_TO_GSEA_CHIP, CUSTOM_TABULARTOGSEACLS, GUNZIP, SHINYNGS_STATICDIFFERENTIAL, UNTAR, AFFY_JUSTRMA_RAW, NFCORE_DIFFERENTIALABUNDANCE:DIFFERENTIALABUNDANCE:RMARKDOWNNOTEBOOK, GEOQUERY_GETGEO, GTF_TO_TABLE, PROTEUS_READPROTEINGROUPS, NFCORE_DIFFERENTIALABUNDANCE:DIFFERENTIALABUNDANCE:CUSTOM_TABULARTOGSEAGCT, NFCORE_DIFFERENTIALABUNDANCE:DIFFERENTIALABUNDANCE:MAKE_REPORT_BUNDLE, DESEQ2_DIFFERENTIAL, SHINYNGS_STATICEXPLORATORY, DESEQ2_NORM, NFCORE_DIFFERENTIALABUNDANCE:DIFFERENTIALABUNDANCE:DESEQ2_DIFFERENTIAL, RMARKDOWNNOTEBOOK, LIMMA_DIFFERENTIAL, SHINYNGS_APP, CUSTOM_DUMPSOFTWAREVERSIONS, CUSTOM_MATRIXFILTER, PLOT_EXPLORATORY, NFCORE_DIFFERENTIALABUNDANCE:DIFFERENTIALABUNDANCE:CUSTOM_TABULARTOGSEACLS, PROTEUS, NFCORE_DIFFERENTIALABUNDANCE:DIFFERENTIALABUNDANCE:PLOT_EXPLORATORY, AFFY_JUSTRMA_NORM, NFCORE_DIFFERENTIALABUNDANCE:DIFFERENTIALABUNDANCE:PLOT_DIFFERENTIAL
Aug-16 08:43:28.674 [main] DEBUG nextflow.Session - Igniting dataflow network (25)
Aug-16 08:43:28.679 [main] DEBUG nextflow.processor.TaskProcessor - Starting process > NFCORE_DIFFERENTIALABUNDANCE:DIFFERENTIALABUNDANCE:GTF_TO_TABLE
Aug-16 08:43:28.698 [main] DEBUG nextflow.processor.TaskProcessor - Starting process > NFCORE_DIFFERENTIALABUNDANCE:DIFFERENTIALABUNDANCE:VALIDATOR
Aug-16 08:43:28.703 [main] DEBUG nextflow.processor.TaskProcessor - Starting process > NFCORE_DIFFERENTIALABUNDANCE:DIFFERENTIALABUNDANCE:CUSTOM_MATRIXFILTER
Aug-16 08:43:28.704 [main] DEBUG nextflow.processor.TaskProcessor - Starting process > NFCORE_DIFFERENTIALABUNDANCE:DIFFERENTIALABUNDANCE:DESEQ2_NORM
Aug-16 08:43:28.705 [main] DEBUG nextflow.processor.TaskProcessor - Starting process > NFCORE_DIFFERENTIALABUNDANCE:DIFFERENTIALABUNDANCE:DESEQ2_DIFFERENTIAL
Aug-16 08:43:28.707 [main] DEBUG nextflow.processor.TaskProcessor - Starting process > NFCORE_DIFFERENTIALABUNDANCE:DIFFERENTIALABUNDANCE:CUSTOM_TABULARTOGSEAGCT
Aug-16 08:43:28.709 [main] DEBUG nextflow.processor.TaskProcessor - Starting process > NFCORE_DIFFERENTIALABUNDANCE:DIFFERENTIALABUNDANCE:CUSTOM_TABULARTOGSEACLS
Aug-16 08:43:28.710 [main] DEBUG nextflow.processor.TaskProcessor - Starting process > NFCORE_DIFFERENTIALABUNDANCE:DIFFERENTIALABUNDANCE:TABULAR_TO_GSEA_CHIP
Aug-16 08:43:28.711 [main] DEBUG nextflow.processor.TaskProcessor - Starting process > NFCORE_DIFFERENTIALABUNDANCE:DIFFERENTIALABUNDANCE:GSEA_GSEA
Aug-16 08:43:28.712 [main] DEBUG nextflow.processor.TaskProcessor - Starting process > NFCORE_DIFFERENTIALABUNDANCE:DIFFERENTIALABUNDANCE:PLOT_EXPLORATORY
Aug-16 08:43:28.714 [main] DEBUG nextflow.processor.TaskProcessor - Starting process > NFCORE_DIFFERENTIALABUNDANCE:DIFFERENTIALABUNDANCE:PLOT_DIFFERENTIAL
Aug-16 08:43:28.718 [main] DEBUG nextflow.processor.TaskProcessor - Starting process > NFCORE_DIFFERENTIALABUNDANCE:DIFFERENTIALABUNDANCE:CUSTOM_DUMPSOFTWAREVERSIONS
Aug-16 08:43:28.722 [main] DEBUG nextflow.processor.TaskProcessor - Starting process > NFCORE_DIFFERENTIALABUNDANCE:DIFFERENTIALABUNDANCE:SHINYNGS_APP
Aug-16 08:43:28.724 [main] DEBUG nextflow.processor.TaskProcessor - Starting process > NFCORE_DIFFERENTIALABUNDANCE:DIFFERENTIALABUNDANCE:RMARKDOWNNOTEBOOK
Aug-16 08:43:28.724 [main] DEBUG nextflow.processor.TaskProcessor - Starting process > NFCORE_DIFFERENTIALABUNDANCE:DIFFERENTIALABUNDANCE:MAKE_REPORT_BUNDLE
Aug-16 08:43:28.726 [main] DEBUG nextflow.script.ScriptRunner - Parsed script files:
  Script_736359fe28427d7c: /homes/daniel.thomson/.nextflow/assets/nf-core/differentialabundance/./workflows/../modules/nf-core/atlasgeneannotationmanipulation/gtf2featureannotation/main.nf
  Script_0b2b547b5bd8d72f: /homes/daniel.thomson/.nextflow/assets/nf-core/differentialabundance/./workflows/../modules/nf-core/deseq2/differential/main.nf
  Script_8258fa18ec202f1e: /homes/daniel.thomson/.nextflow/assets/nf-core/differentialabundance/./workflows/../modules/nf-core/geoquery/getgeo/main.nf
  Script_fd29bcfb844eda4d: /homes/daniel.thomson/.nextflow/assets/nf-core/differentialabundance/./workflows/../modules/nf-core/limma/differential/main.nf
  Script_bd162165863945c5: /homes/daniel.thomson/.nextflow/assets/nf-core/differentialabundance/./workflows/../modules/nf-core/shinyngs/validatefomcomponents/main.nf
  Script_e11ffbac6afe36ec: /homes/daniel.thomson/.nextflow/assets/nf-core/differentialabundance/./workflows/../modules/nf-core/gsea/gsea/main.nf
  Script_c3c7f0ae80cda0cc: /homes/daniel.thomson/.nextflow/assets/nf-core/differentialabundance/./workflows/../modules/nf-core/shinyngs/staticexploratory/main.nf
  Script_66ffa6df5b55d922: /homes/daniel.thomson/.nextflow/assets/nf-core/differentialabundance/main.nf
  Script_f291caf4f7573aca: /homes/daniel.thomson/.nextflow/assets/nf-core/differentialabundance/./workflows/../modules/nf-core/custom/tabulartogseagct/main.nf
  Script_af0fb319323fde68: /homes/daniel.thomson/.nextflow/assets/nf-core/differentialabundance/./workflows/../modules/nf-core/affy/justrma/main.nf
  Script_61045595cd57fdfa: /homes/daniel.thomson/.nextflow/assets/nf-core/differentialabundance/./workflows/../modules/nf-core/custom/tabulartogseacls/main.nf
  Script_36fafb73beaa89a0: /homes/daniel.thomson/.nextflow/assets/nf-core/differentialabundance/./workflows/../modules/nf-core/rmarkdownnotebook/main.nf
  Script_a9670c657bdfaa03: /homes/daniel.thomson/.nextflow/assets/nf-core/differentialabundance/./workflows/../modules/local/tabular_to_gsea_chip.nf
  Script_cb1a92e48950cb6f: /homes/daniel.thomson/.nextflow/assets/nf-core/differentialabundance/./workflows/../modules/nf-core/shinyngs/app/main.nf
  Script_980ffca4de0b9bc8: /homes/daniel.thomson/.nextflow/assets/nf-core/differentialabundance/./workflows/../modules/nf-core/shinyngs/staticdifferential/main.nf
  Script_1a6661f1fced92e0: /homes/daniel.thomson/.nextflow/assets/nf-core/differentialabundance/./workflows/../modules/nf-core/rmarkdownnotebook/./parametrize.nf
  Script_c901260d3c3d641a: /homes/daniel.thomson/.nextflow/assets/nf-core/differentialabundance/./workflows/../modules/nf-core/custom/matrixfilter/main.nf
  Script_777604ec37a36f79: /homes/daniel.thomson/.nextflow/assets/nf-core/differentialabundance/./workflows/../modules/nf-core/custom/dumpsoftwareversions/main.nf
  Script_66471300492dce16: /homes/daniel.thomson/.nextflow/assets/nf-core/differentialabundance/./workflows/differentialabundance.nf
  Script_7002cd4537b0f229: /homes/daniel.thomson/.nextflow/assets/nf-core/differentialabundance/./workflows/../modules/nf-core/proteus/readproteingroups/main.nf
  Script_b4abc93ac1f4bba3: /homes/daniel.thomson/.nextflow/assets/nf-core/differentialabundance/./workflows/../modules/nf-core/zip/main.nf
  Script_079385570c0cda9d: /homes/daniel.thomson/.nextflow/assets/nf-core/differentialabundance/./workflows/../modules/nf-core/untar/main.nf
  Script_a71c717f63173976: /homes/daniel.thomson/.nextflow/assets/nf-core/differentialabundance/./workflows/../modules/nf-core/gunzip/main.nf
Aug-16 08:43:28.726 [main] DEBUG nextflow.script.ScriptRunner - > Awaiting termination 
Aug-16 08:43:28.727 [main] DEBUG nextflow.Session - Session await
Aug-16 08:43:28.760 [Actor Thread 7] DEBUG nextflow.container.SingularityCache - Singularity found local store for image=https://depot.galaxyproject.org/singularity/atlas-gene-annotation-manipulation%3A1.1.0--hdfd78af_0; path=/homes/daniel.thomson/singularity_cache/depot.galaxyproject.org-singularity-atlas-gene-annotation-manipulation%3A1.1.0--hdfd78af_0.img
Aug-16 08:43:28.889 [Actor Thread 6] INFO  nextflow.processor.TaskProcessor - [e7/7abeff] Cached process > NFCORE_DIFFERENTIALABUNDANCE:DIFFERENTIALABUNDANCE:GTF_TO_TABLE (Homo_sapiens)
Aug-16 08:43:28.988 [Actor Thread 6] DEBUG nextflow.processor.TaskProcessor - Process NFCORE_DIFFERENTIALABUNDANCE:DIFFERENTIALABUNDANCE:GTF_TO_TABLE > Skipping output binding because one or more optional files are missing: fileoutparam<1:1>
Aug-16 08:43:28.993 [Actor Thread 2] DEBUG nextflow.container.SingularityCache - Singularity found local store for image=https://depot.galaxyproject.org/singularity/r-shinyngs:1.8.4--r43hdfd78af_0; path=/homes/daniel.thomson/singularity_cache/depot.galaxyproject.org-singularity-r-shinyngs-1.8.4--r43hdfd78af_0.img
Aug-16 08:43:29.012 [Actor Thread 6] DEBUG nextflow.util.ThreadPoolBuilder - Creating thread pool 'PublishDir' minSize=10; maxSize=18; workQueue=LinkedBlockingQueue[10000]; allowCoreThreadTimeout=false
Aug-16 08:43:29.045 [Actor Thread 4] INFO  nextflow.processor.TaskProcessor - [71/8366de] Cached process > NFCORE_DIFFERENTIALABUNDANCE:DIFFERENTIALABUNDANCE:VALIDATOR (nfSampleSheet.csv)
Aug-16 08:43:29.056 [Actor Thread 5] DEBUG nextflow.container.SingularityCache - Singularity found local store for image=https://depot.galaxyproject.org/singularity/gawk:5.1.0; path=/homes/daniel.thomson/singularity_cache/depot.galaxyproject.org-singularity-gawk-5.1.0.img
Aug-16 08:43:29.060 [Actor Thread 4] DEBUG nextflow.container.SingularityCache - Singularity found local store for image=https://depot.galaxyproject.org/singularity/ubuntu:20.04; path=/homes/daniel.thomson/singularity_cache/depot.galaxyproject.org-singularity-ubuntu-20.04.img
Aug-16 08:43:29.076 [Actor Thread 7] INFO  nextflow.processor.TaskProcessor - [b8/df6749] Cached process > NFCORE_DIFFERENTIALABUNDANCE:DIFFERENTIALABUNDANCE:TABULAR_TO_GSEA_CHIP (1)
Aug-16 08:43:29.094 [Actor Thread 3] INFO  nextflow.processor.TaskProcessor - [87/6b2c95] Cached process > NFCORE_DIFFERENTIALABUNDANCE:DIFFERENTIALABUNDANCE:CUSTOM_TABULARTOGSEACLS (MGIvsIllumina)
Aug-16 08:43:29.120 [Actor Thread 11] DEBUG nextflow.container.SingularityCache - Singularity found local store for image=https://depot.galaxyproject.org/singularity/r-base:4.2.1; path=/homes/daniel.thomson/singularity_cache/depot.galaxyproject.org-singularity-r-base-4.2.1.img
Aug-16 08:43:29.146 [Actor Thread 9] INFO  nextflow.processor.TaskProcessor - [c0/b6466a] Cached process > NFCORE_DIFFERENTIALABUNDANCE:DIFFERENTIALABUNDANCE:CUSTOM_MATRIXFILTER ([id:MGIvsIllumina-trimmed])
Aug-16 08:43:29.279 [Actor Thread 3] DEBUG nextflow.container.SingularityCache - Singularity found local store for image=https://depot.galaxyproject.org/singularity/bioconductor-deseq2:1.34.0--r41hc247a5b_3; path=/homes/daniel.thomson/singularity_cache/depot.galaxyproject.org-singularity-bioconductor-deseq2-1.34.0--r41hc247a5b_3.img
Aug-16 08:43:29.305 [Actor Thread 8] INFO  nextflow.processor.TaskProcessor - [13/d87453] Cached process > NFCORE_DIFFERENTIALABUNDANCE:DIFFERENTIALABUNDANCE:DESEQ2_NORM ([id:MGIvsIllumina, variable:contrast, reference:Illumina, target:MGI, blocking:])
Aug-16 08:43:29.311 [Actor Thread 8] DEBUG nextflow.processor.TaskProcessor - Process NFCORE_DIFFERENTIALABUNDANCE:DIFFERENTIALABUNDANCE:DESEQ2_NORM > Skipping output binding because one or more optional files are missing: fileoutparam<5:1>
Aug-16 08:43:29.313 [Actor Thread 9] INFO  nextflow.processor.TaskProcessor - [58/6d2382] Cached process > NFCORE_DIFFERENTIALABUNDANCE:DIFFERENTIALABUNDANCE:DESEQ2_DIFFERENTIAL ([id:MGIvsIllumina, variable:contrast, reference:Illumina, target:MGI, blocking:])
Aug-16 08:43:29.328 [Actor Thread 9] DEBUG nextflow.processor.TaskProcessor - Process NFCORE_DIFFERENTIALABUNDANCE:DIFFERENTIALABUNDANCE:DESEQ2_DIFFERENTIAL > Skipping output binding because one or more optional files are missing: fileoutparam<5:1>
Aug-16 08:43:29.337 [Actor Thread 10] INFO  nextflow.processor.TaskProcessor - [e0/7d7da5] Cached process > NFCORE_DIFFERENTIALABUNDANCE:DIFFERENTIALABUNDANCE:CUSTOM_TABULARTOGSEAGCT (MGIvsIllumina)
Aug-16 08:43:29.347 [Actor Thread 11] DEBUG nextflow.container.SingularityCache - Singularity found local store for image=https://depot.galaxyproject.org/singularity/gsea:4.3.2--hdfd78af_0; path=/homes/daniel.thomson/singularity_cache/depot.galaxyproject.org-singularity-gsea-4.3.2--hdfd78af_0.img
Aug-16 08:43:29.348 [Actor Thread 13] INFO  nextflow.processor.TaskProcessor - [4c/3c57a5] Cached process > NFCORE_DIFFERENTIALABUNDANCE:DIFFERENTIALABUNDANCE:PLOT_DIFFERENTIAL (MGIvsIllumina)
Aug-16 08:43:29.349 [Actor Thread 13] DEBUG nextflow.processor.TaskProcessor - Process NFCORE_DIFFERENTIALABUNDANCE:DIFFERENTIALABUNDANCE:PLOT_DIFFERENTIAL > Skipping output binding because one or more optional files are missing: fileoutparam<1:1>
Aug-16 08:43:29.397 [Actor Thread 11] DEBUG nextflow.file.FileCollector - Deleting file collector temp dir: /tmp/nxf-6355864524490166240
Aug-16 08:43:29.405 [Actor Thread 6] INFO  nextflow.processor.TaskProcessor - [49/35af97] Cached process > NFCORE_DIFFERENTIALABUNDANCE:DIFFERENTIALABUNDANCE:PLOT_EXPLORATORY (contrast)
Aug-16 08:43:29.411 [Actor Thread 6] DEBUG nextflow.processor.TaskProcessor - Process NFCORE_DIFFERENTIALABUNDANCE:DIFFERENTIALABUNDANCE:PLOT_EXPLORATORY > Skipping output binding because one or more optional files are missing: fileoutparam<1:1>
Aug-16 08:43:29.411 [Actor Thread 6] DEBUG nextflow.processor.TaskProcessor - Process NFCORE_DIFFERENTIALABUNDANCE:DIFFERENTIALABUNDANCE:PLOT_EXPLORATORY > Skipping output binding because one or more optional files are missing: fileoutparam<3:1>
Aug-16 08:43:29.412 [Actor Thread 6] DEBUG nextflow.processor.TaskProcessor - Process NFCORE_DIFFERENTIALABUNDANCE:DIFFERENTIALABUNDANCE:PLOT_EXPLORATORY > Skipping output binding because one or more optional files are missing: fileoutparam<5:1>
Aug-16 08:43:29.412 [Actor Thread 6] DEBUG nextflow.processor.TaskProcessor - Process NFCORE_DIFFERENTIALABUNDANCE:DIFFERENTIALABUNDANCE:PLOT_EXPLORATORY > Skipping output binding because one or more optional files are missing: fileoutparam<7:1>
Aug-16 08:43:29.413 [Actor Thread 6] DEBUG nextflow.processor.TaskProcessor - Process NFCORE_DIFFERENTIALABUNDANCE:DIFFERENTIALABUNDANCE:PLOT_EXPLORATORY > Skipping output binding because one or more optional files are missing: fileoutparam<9:1>
Aug-16 08:43:29.484 [Task submitter] DEBUG n.executor.local.LocalTaskHandler - Launch cmd line: /bin/bash -ue .command.run
Aug-16 08:43:29.487 [Task submitter] INFO  nextflow.Session - [10/1de499] Submitted process > NFCORE_DIFFERENTIALABUNDANCE:DIFFERENTIALABUNDANCE:SHINYNGS_APP (MGIvsIllumina-trimmed)
Aug-16 08:43:29.650 [Actor Thread 1] INFO  nextflow.processor.TaskProcessor - [9a/b86124] Cached process > NFCORE_DIFFERENTIALABUNDANCE:DIFFERENTIALABUNDANCE:GSEA_GSEA (MGIvsIllumina)
Aug-16 08:43:29.721 [Actor Thread 12] DEBUG nextflow.sort.BigSort - Sort completed -- entries: 7; slices: 1; internal sort time: 0.004 s; external sort time: 0.001 s; total time: 0.005 s
Aug-16 08:43:29.722 [Actor Thread 12] DEBUG nextflow.file.FileCollector - >> temp file exists? true
Aug-16 08:43:29.725 [Actor Thread 12] DEBUG nextflow.file.FileCollector - Retrieved cached collect-files from: /hpc/vnx_homes/daniel.thomson/projects/MGIvsIllumina/nfDifferentialAbundance_GRCh38_ensembl_trimmed/work/collect-file/a17f5dc41fd00cd6309d2fa3b49bee22
Aug-16 08:43:29.730 [Actor Thread 12] DEBUG nextflow.file.FileCollector - Deleting file collector temp dir: /tmp/nxf-2504432284594746023
Aug-16 08:43:29.741 [Actor Thread 12] DEBUG nextflow.container.SingularityCache - Singularity found local store for image=https://depot.galaxyproject.org/singularity/multiqc:1.15--pyhdfd78af_0; path=/homes/daniel.thomson/singularity_cache/depot.galaxyproject.org-singularity-multiqc-1.15--pyhdfd78af_0.img
Aug-16 08:43:29.788 [Task submitter] DEBUG n.executor.local.LocalTaskHandler - Launch cmd line: /bin/bash -ue .command.run
Aug-16 08:43:29.794 [Task submitter] INFO  nextflow.Session - [08/bf476a] Submitted process > NFCORE_DIFFERENTIALABUNDANCE:DIFFERENTIALABUNDANCE:CUSTOM_DUMPSOFTWAREVERSIONS (1)
Aug-16 08:43:30.430 [Task monitor] DEBUG n.processor.TaskPollingMonitor - Task completed > TaskHandler[id: 13; name: NFCORE_DIFFERENTIALABUNDANCE:DIFFERENTIALABUNDANCE:CUSTOM_DUMPSOFTWAREVERSIONS (1); status: COMPLETED; exit: 0; error: -; workDir: /hpc/vnx_homes/daniel.thomson/projects/MGIvsIllumina/nfDifferentialAbundance_GRCh38_ensembl_trimmed/work/08/bf476a80b04dcc36c3b88e0a393435]
Aug-16 08:43:30.494 [Actor Thread 9] DEBUG nextflow.util.CacheHelper - Hash asset file sha-256: /homes/daniel.thomson/.nextflow/assets/nf-core/differentialabundance/assets/differentialabundance_report.Rmd
Aug-16 08:43:30.501 [Actor Thread 9] DEBUG nextflow.util.CacheHelper - Hash asset file sha-256: /homes/daniel.thomson/.nextflow/assets/nf-core/differentialabundance/assets/nf-core_style.css
Aug-16 08:43:30.502 [Actor Thread 9] DEBUG nextflow.util.CacheHelper - Hash asset file sha-256: /homes/daniel.thomson/.nextflow/assets/nf-core/differentialabundance/CITATIONS.md
Aug-16 08:43:30.526 [Task submitter] DEBUG n.executor.local.LocalTaskHandler - Launch cmd line: /bin/bash -ue .command.run
Aug-16 08:43:30.527 [Task submitter] INFO  nextflow.Session - [ee/df5924] Submitted process > NFCORE_DIFFERENTIALABUNDANCE:DIFFERENTIALABUNDANCE:RMARKDOWNNOTEBOOK (MGIvsIllumina-trimmed)
Aug-16 08:43:47.666 [Task monitor] DEBUG n.processor.TaskPollingMonitor - Task completed > TaskHandler[id: 12; name: NFCORE_DIFFERENTIALABUNDANCE:DIFFERENTIALABUNDANCE:SHINYNGS_APP (MGIvsIllumina-trimmed); status: COMPLETED; exit: 0; error: -; workDir: /hpc/vnx_homes/daniel.thomson/projects/MGIvsIllumina/nfDifferentialAbundance_GRCh38_ensembl_trimmed/work/10/1de499b8a563ef931ac4292fe00419]
Aug-16 08:44:13.599 [Task monitor] DEBUG n.processor.TaskPollingMonitor - Task completed > TaskHandler[id: 14; name: NFCORE_DIFFERENTIALABUNDANCE:DIFFERENTIALABUNDANCE:RMARKDOWNNOTEBOOK (MGIvsIllumina-trimmed); status: COMPLETED; exit: 0; error: -; workDir: /hpc/vnx_homes/daniel.thomson/projects/MGIvsIllumina/nfDifferentialAbundance_GRCh38_ensembl_trimmed/work/ee/df59248e4262d6c3c3edb7317e0a78]
Aug-16 08:44:13.614 [Task monitor] DEBUG nextflow.processor.TaskProcessor - Process NFCORE_DIFFERENTIALABUNDANCE:DIFFERENTIALABUNDANCE:RMARKDOWNNOTEBOOK > Skipping output binding because one or more optional files are missing: fileoutparam<2:1>
Aug-16 08:44:13.617 [Actor Thread 9] DEBUG nextflow.container.SingularityCache - Singularity found local store for image=https://depot.galaxyproject.org/singularity/p7zip:16.02; path=/homes/daniel.thomson/singularity_cache/depot.galaxyproject.org-singularity-p7zip-16.02.img
Aug-16 08:44:13.640 [Task submitter] DEBUG n.executor.local.LocalTaskHandler - Launch cmd line: /bin/bash -ue .command.run
Aug-16 08:44:13.641 [Task submitter] INFO  nextflow.Session - [c9/fa50b2] Submitted process > NFCORE_DIFFERENTIALABUNDANCE:DIFFERENTIALABUNDANCE:MAKE_REPORT_BUNDLE (MGIvsIllumina-trimmed)
Aug-16 08:44:15.740 [Task monitor] DEBUG n.processor.TaskPollingMonitor - Task completed > TaskHandler[id: 15; name: NFCORE_DIFFERENTIALABUNDANCE:DIFFERENTIALABUNDANCE:MAKE_REPORT_BUNDLE (MGIvsIllumina-trimmed); status: COMPLETED; exit: 0; error: -; workDir: /hpc/vnx_homes/daniel.thomson/projects/MGIvsIllumina/nfDifferentialAbundance_GRCh38_ensembl_trimmed/work/c9/fa50b2c181d7073102fc410b795d6c]
Aug-16 08:44:15.744 [main] DEBUG nextflow.Session - Session await > all processes finished
Aug-16 08:44:15.747 [Task monitor] DEBUG n.processor.TaskPollingMonitor - <<< barrier arrives (monitor: local) - terminating tasks monitor poll loop
Aug-16 08:44:15.748 [main] DEBUG nextflow.Session - Session await > all barriers passed
Aug-16 08:44:15.842 [main] DEBUG nextflow.util.ThreadPoolManager - Thread pool 'PublishDir' shutdown completed (hard=false)
Aug-16 08:44:16.008 [main] INFO  nextflow.Nextflow - -[0;35m[nf-core/differentialabundance][0;32m Sent summary e-mail to daniel.thomson@sahmri.com (sendmail)-
Aug-16 08:44:16.066 [main] INFO  nextflow.Nextflow - -[0;35m[nf-core/differentialabundance][0;32m Pipeline completed successfully[0m-
Aug-16 08:44:16.072 [main] DEBUG n.trace.WorkflowStatsObserver - Workflow completed > WorkflowStats[succeededCount=4; failedCount=0; ignoredCount=0; cachedCount=11; pendingCount=0; submittedCount=0; runningCount=0; retriesCount=0; abortedCount=0; succeedDuration=1m 45s; failedDuration=0ms; cachedDuration=54m 31s;loadCpus=0; loadMemory=0; peakRunning=2; peakCpus=3; peakMemory=24 GB; ]
Aug-16 08:44:16.073 [main] DEBUG nextflow.trace.TraceFileObserver - Workflow completed -- saving trace file
Aug-16 08:44:16.077 [main] DEBUG nextflow.trace.ReportObserver - Workflow completed -- rendering execution report
Aug-16 08:44:16.754 [main] DEBUG nextflow.trace.TimelineObserver - Workflow completed -- rendering execution timeline
Aug-16 08:44:17.064 [main] DEBUG nextflow.cache.CacheDB - Closing CacheDB done
Aug-16 08:44:17.065 [main] INFO  org.pf4j.AbstractPluginManager - Stop plugin 'nf-validation@1.1.4'
Aug-16 08:44:17.066 [main] DEBUG nextflow.plugin.BasePlugin - Plugin stopped nf-validation
Aug-16 08:44:17.094 [main] DEBUG nextflow.util.ThreadPoolManager - Thread pool 'FileTransfer' shutdown completed (hard=false)
Aug-16 08:44:17.095 [main] DEBUG nextflow.script.ScriptRunner - > Execution complete -- Goodbye
